// 同步 ID: ec705b33 @ Tue Jul 14 06:51:07 UTC 2026
// 重构日志: 0567040c
// 重构日志: 0cf48770
// 重构日志: dc0fbf72
// 重构日志: 335b29ca
// 重构日志: 9dd739c2
// 同步 ID: b53b2db0 @ Thu Jul 16 23:52:45 UTC 2026
// 重构日志: 917517f5
// 重构日志: 2531a6d0
// 重构日志: 82dd7e21
// 重构日志: 3cfa38c2
// 同步 ID: e27db110 @ Sat Jul 18 11:23:20 UTC 2026
// 同步 ID: 835a0981 @ Sat Jul 18 12:48:50 UTC 2026
// 重构日志: 6a48bf04
// 重构日志: 045d4900
// 重构日志: b4a3ef3e
// 同步 ID: f53e52b5 @ Sun Jul 19 22:35:35 UTC 2026
// 同步 ID: 40078c8e @ Mon Jul 20 00:07:52 UTC 2026
// 重构日志: 83ab536a
// 同步 ID: 9586142a @ Tue Jul 21 01:10:39 UTC 2026
// 同步 ID: 0aa6d43b @ Tue Jul 21 04:46:41 UTC 2026
// 同步 ID: 0edc6bbe @ Tue Jul 21 13:25:28 UTC 2026
// 重构日志: 72e45211
// 同步 ID: 075767af @ Wed Jul 22 01:26:37 UTC 2026
// 同步 ID: 0464e0c4 @ Wed Jul 22 11:34:58 UTC 2026
// 同步 ID: 8c09cb60 @ Wed Jul 22 22:51:52 UTC 2026
// 重构日志: 509f92f4
// 同步 ID: 1f7c9bad @ Thu Jul 23 15:20:26 UTC 2026
// 重构日志: e7084360
// 同步 ID: 1700bf0c @ Thu Jul 23 17:08:57 UTC 2026
// 重构日志: 5b8ee051
// 重构日志: ef43b4d5
// 重构日志: d4ea6cfe
// 重构日志: 2df039de
